build/app/intermediates/manifest_merge_blame_file/debug/manifest-merger-blame-debug-report.txt
1<?xml version="1.0" encoding="utf-8"?>
2<manifest xmlns:android="http://schemas.android.com/apk/res/android"
3    package="com.example.kelebikev2"
4    android:versionCode="1"
5    android:versionName="1.0.0" >
6
7    <uses-sdk
8        android:minSdkVersion="21"
9        android:targetSdkVersion="30" />
10    <!--
11         The INTERNET permission is required for development. Specifically,
12         the Flutter tool needs it to communicate with the running application
13         to allow setting breakpoints, to provide hot reload, etc.
14    -->
15    <uses-permission android:name="android.permission.INTERNET" />
15-->src/debug/AndroidManifest.xml:7:5-66
15-->src/debug/AndroidManifest.xml:7:22-64
16    <uses-permission android:name="android.permission.CAMERA" />
16-->[:mobile_scanner] AndroidManifest.xml:9:5-65
16-->[:mobile_scanner] AndroidManifest.xml:9:22-62
17    <uses-permission android:name="android.permission.ACCESS_NETWORK_STATE" />
17-->[com.google.firebase:firebase-auth:21.1.0] AndroidManifest.xml:24:5-79
17-->[com.google.firebase:firebase-auth:21.1.0] AndroidManifest.xml:24:22-76
18
19    <application
20        android:name="android.app.Application"
21        android:appComponentFactory="androidx.core.app.CoreComponentFactory"
21-->[androidx.core:core:1.8.0] AndroidManifest.xml:24:18-86
22        android:debuggable="true"
23        android:icon="@mipmap/ic_launcher"
24        android:label="kelebikev2" >
25        <activity
26            android:name="com.example.kelebikev2.MainActivity"
27            android:configChanges="orientation|keyboardHidden|keyboard|screenSize|smallestScreenSize|locale|layoutDirection|fontScale|screenLayout|density|uiMode"
28            android:exported="true"
29            android:hardwareAccelerated="true"
30            android:launchMode="singleTop"
31            android:theme="@style/LaunchTheme"
32            android:windowSoftInputMode="adjustResize" >
33
34            <!--
35                 Specifies an Android theme to apply to this Activity as soon as
36                 the Android process has started. This theme is visible to the user
37                 while the Flutter UI initializes. After that, this theme continues
38                 to determine the Window background behind the Flutter UI.
39            -->
40            <meta-data
41                android:name="io.flutter.embedding.android.NormalTheme"
42                android:resource="@style/NormalTheme" />
43
44            <intent-filter>
45                <action android:name="android.intent.action.MAIN" />
46
47                <category android:name="android.intent.category.LAUNCHER" />
48            </intent-filter>
49        </activity>
50        <!--
51             Don't delete the meta-data below.
52             This is used by the Flutter tool to generate GeneratedPluginRegistrant.java
53        -->
54        <meta-data
55            android:name="flutterEmbedding"
56            android:value="2" />
57
58        <service
58-->[:cloud_firestore] AndroidManifest.xml:10:9-14:19
59            android:name="com.google.firebase.components.ComponentDiscoveryService"
59-->[:cloud_firestore] AndroidManifest.xml:10:18-89
60            android:directBootAware="true"
60-->[com.google.firebase:firebase-common:20.2.0] AndroidManifest.xml:34:13-43
61            android:exported="false" >
61-->[com.google.firebase:firebase-auth:21.1.0] AndroidManifest.xml:66:13-37
62            <meta-data
62-->[:cloud_firestore] AndroidManifest.xml:11:13-13:85
63                android:name="com.google.firebase.components:io.flutter.plugins.firebase.firestore.FlutterFirebaseFirestoreRegistrar"
63-->[:cloud_firestore] AndroidManifest.xml:12:17-134
64                android:value="com.google.firebase.components.ComponentRegistrar" />
64-->[:cloud_firestore] AndroidManifest.xml:13:17-82
65            <meta-data
65-->[:firebase_auth] AndroidManifest.xml:11:13-13:85
66                android:name="com.google.firebase.components:io.flutter.plugins.firebase.auth.FlutterFirebaseAuthRegistrar"
66-->[:firebase_auth] AndroidManifest.xml:12:17-124
67                android:value="com.google.firebase.components.ComponentRegistrar" />
67-->[:firebase_auth] AndroidManifest.xml:13:17-82
68            <meta-data
68-->[:firebase_storage] AndroidManifest.xml:11:13-13:85
69                android:name="com.google.firebase.components:io.flutter.plugins.firebase.storage.FlutterFirebaseAppRegistrar"
69-->[:firebase_storage] AndroidManifest.xml:12:17-126
70                android:value="com.google.firebase.components.ComponentRegistrar" />
70-->[:firebase_storage] AndroidManifest.xml:13:17-82
71            <meta-data
71-->[:firebase_core] AndroidManifest.xml:11:13-13:85
72                android:name="com.google.firebase.components:io.flutter.plugins.firebase.core.FlutterFirebaseCoreRegistrar"
72-->[:firebase_core] AndroidManifest.xml:12:17-124
73                android:value="com.google.firebase.components.ComponentRegistrar" />
73-->[:firebase_core] AndroidManifest.xml:13:17-82
74            <meta-data
74-->[com.google.firebase:firebase-auth:21.1.0] AndroidManifest.xml:67:13-69:85
75                android:name="com.google.firebase.components:com.google.firebase.auth.FirebaseAuthRegistrar"
75-->[com.google.firebase:firebase-auth:21.1.0] AndroidManifest.xml:68:17-109
76                android:value="com.google.firebase.components.ComponentRegistrar" />
76-->[com.google.firebase:firebase-auth:21.1.0] AndroidManifest.xml:69:17-82
77            <meta-data
77-->[com.google.firebase:firebase-firestore:24.4.0] AndroidManifest.xml:19:13-21:85
78                android:name="com.google.firebase.components:com.google.firebase.firestore.FirestoreRegistrar"
78-->[com.google.firebase:firebase-firestore:24.4.0] AndroidManifest.xml:20:17-111
79                android:value="com.google.firebase.components.ComponentRegistrar" />
79-->[com.google.firebase:firebase-firestore:24.4.0] AndroidManifest.xml:21:17-82
80            <meta-data
80-->[com.google.firebase:firebase-storage:20.1.0] AndroidManifest.xml:32:13-34:85
81                android:name="com.google.firebase.components:com.google.firebase.storage.StorageRegistrar"
81-->[com.google.firebase:firebase-storage:20.1.0] AndroidManifest.xml:33:17-107
82                android:value="com.google.firebase.components.ComponentRegistrar" />
82-->[com.google.firebase:firebase-storage:20.1.0] AndroidManifest.xml:34:17-82
83        </service>
84
85        <provider
85-->[:image_picker_android] AndroidManifest.xml:10:9-18:20
86            android:name="io.flutter.plugins.imagepicker.ImagePickerFileProvider"
86-->[:image_picker_android] AndroidManifest.xml:11:13-82
87            android:authorities="com.example.kelebikev2.flutter.image_provider"
87-->[:image_picker_android] AndroidManifest.xml:12:13-74
88            android:exported="false"
88-->[:image_picker_android] AndroidManifest.xml:13:13-37
89            android:grantUriPermissions="true" >
89-->[:image_picker_android] AndroidManifest.xml:14:13-47
90            <meta-data
90-->[:image_picker_android] AndroidManifest.xml:15:13-17:75
91                android:name="android.support.FILE_PROVIDER_PATHS"
91-->[:image_picker_android] AndroidManifest.xml:16:17-67
92                android:resource="@xml/flutter_image_picker_file_paths" />
92-->[:image_picker_android] AndroidManifest.xml:17:17-72
93        </provider>
94
95        <uses-library
95-->[androidx.window:window:1.0.0-beta04] AndroidManifest.xml:25:9-27:40
96            android:name="androidx.window.extensions"
96-->[androidx.window:window:1.0.0-beta04] AndroidManifest.xml:26:13-54
97            android:required="false" />
97-->[androidx.window:window:1.0.0-beta04] AndroidManifest.xml:27:13-37
98        <uses-library
98-->[androidx.window:window:1.0.0-beta04] AndroidManifest.xml:28:9-30:40
99            android:name="androidx.window.sidecar"
99-->[androidx.window:window:1.0.0-beta04] AndroidManifest.xml:29:13-51
100            android:required="false" />
100-->[androidx.window:window:1.0.0-beta04] AndroidManifest.xml:30:13-37
101
102        <activity
102-->[com.google.firebase:firebase-auth:21.1.0] AndroidManifest.xml:27:9-44:20
103            android:name="com.google.firebase.auth.internal.GenericIdpActivity"
103-->[com.google.firebase:firebase-auth:21.1.0] AndroidManifest.xml:28:13-80
104            android:excludeFromRecents="true"
104-->[com.google.firebase:firebase-auth:21.1.0] AndroidManifest.xml:29:13-46
105            android:exported="true"
105-->[com.google.firebase:firebase-auth:21.1.0] AndroidManifest.xml:30:13-36
106            android:launchMode="singleTask"
106-->[com.google.firebase:firebase-auth:21.1.0] AndroidManifest.xml:31:13-44
107            android:theme="@android:style/Theme.Translucent.NoTitleBar" >
107-->[com.google.firebase:firebase-auth:21.1.0] AndroidManifest.xml:32:13-72
108            <intent-filter>
108-->[com.google.firebase:firebase-auth:21.1.0] AndroidManifest.xml:33:13-43:29
109                <action android:name="android.intent.action.VIEW" />
109-->[com.google.firebase:firebase-auth:21.1.0] AndroidManifest.xml:34:17-69
109-->[com.google.firebase:firebase-auth:21.1.0] AndroidManifest.xml:34:25-66
110
111                <category android:name="android.intent.category.DEFAULT" />
111-->[com.google.firebase:firebase-auth:21.1.0] AndroidManifest.xml:36:17-76
111-->[com.google.firebase:firebase-auth:21.1.0] AndroidManifest.xml:36:27-73
112                <category android:name="android.intent.category.BROWSABLE" />
112-->[com.google.firebase:firebase-auth:21.1.0] AndroidManifest.xml:37:17-78
112-->[com.google.firebase:firebase-auth:21.1.0] AndroidManifest.xml:37:27-75
113
114                <data
114-->[com.google.firebase:firebase-auth:21.1.0] AndroidManifest.xml:39:17-42:51
115                    android:host="firebase.auth"
115-->[com.google.firebase:firebase-auth:21.1.0] AndroidManifest.xml:40:21-49
116                    android:path="/"
116-->[com.google.firebase:firebase-auth:21.1.0] AndroidManifest.xml:41:21-37
117                    android:scheme="genericidp" />
117-->[com.google.firebase:firebase-auth:21.1.0] AndroidManifest.xml:42:21-48
118            </intent-filter>
119        </activity>
120        <activity
120-->[com.google.firebase:firebase-auth:21.1.0] AndroidManifest.xml:45:9-62:20
121            android:name="com.google.firebase.auth.internal.RecaptchaActivity"
121-->[com.google.firebase:firebase-auth:21.1.0] AndroidManifest.xml:46:13-79
122            android:excludeFromRecents="true"
122-->[com.google.firebase:firebase-auth:21.1.0] AndroidManifest.xml:47:13-46
123            android:exported="true"
123-->[com.google.firebase:firebase-auth:21.1.0] AndroidManifest.xml:48:13-36
124            android:launchMode="singleTask"
124-->[com.google.firebase:firebase-auth:21.1.0] AndroidManifest.xml:49:13-44
125            android:theme="@android:style/Theme.Translucent.NoTitleBar" >
125-->[com.google.firebase:firebase-auth:21.1.0] AndroidManifest.xml:50:13-72
126            <intent-filter>
126-->[com.google.firebase:firebase-auth:21.1.0] AndroidManifest.xml:51:13-61:29
127                <action android:name="android.intent.action.VIEW" />
127-->[com.google.firebase:firebase-auth:21.1.0] AndroidManifest.xml:34:17-69
127-->[com.google.firebase:firebase-auth:21.1.0] AndroidManifest.xml:34:25-66
128
129                <category android:name="android.intent.category.DEFAULT" />
129-->[com.google.firebase:firebase-auth:21.1.0] AndroidManifest.xml:36:17-76
129-->[com.google.firebase:firebase-auth:21.1.0] AndroidManifest.xml:36:27-73
130                <category android:name="android.intent.category.BROWSABLE" />
130-->[com.google.firebase:firebase-auth:21.1.0] AndroidManifest.xml:37:17-78
130-->[com.google.firebase:firebase-auth:21.1.0] AndroidManifest.xml:37:27-75
131
132                <data
132-->[com.google.firebase:firebase-auth:21.1.0] AndroidManifest.xml:39:17-42:51
133                    android:host="firebase.auth"
133-->[com.google.firebase:firebase-auth:21.1.0] AndroidManifest.xml:40:21-49
134                    android:path="/"
134-->[com.google.firebase:firebase-auth:21.1.0] AndroidManifest.xml:41:21-37
135                    android:scheme="recaptcha" />
135-->[com.google.firebase:firebase-auth:21.1.0] AndroidManifest.xml:42:21-48
136            </intent-filter>
137        </activity>
138
139        <provider
139-->[com.google.firebase:firebase-common:20.2.0] AndroidManifest.xml:25:9-30:39
140            android:name="com.google.firebase.provider.FirebaseInitProvider"
140-->[com.google.firebase:firebase-common:20.2.0] AndroidManifest.xml:26:13-77
141            android:authorities="com.example.kelebikev2.firebaseinitprovider"
141-->[com.google.firebase:firebase-common:20.2.0] AndroidManifest.xml:27:13-72
142            android:directBootAware="true"
142-->[com.google.firebase:firebase-common:20.2.0] AndroidManifest.xml:28:13-43
143            android:exported="false"
143-->[com.google.firebase:firebase-common:20.2.0] AndroidManifest.xml:29:13-37
144            android:initOrder="100" />
144-->[com.google.firebase:firebase-common:20.2.0] AndroidManifest.xml:30:13-36
145
146        <service
146-->[androidx.camera:camera-camera2:1.1.0] AndroidManifest.xml:26:9-35:19
147            android:name="androidx.camera.core.impl.MetadataHolderService"
147-->[androidx.camera:camera-camera2:1.1.0] AndroidManifest.xml:27:13-75
148            android:enabled="false"
148-->[androidx.camera:camera-camera2:1.1.0] AndroidManifest.xml:28:13-36
149            android:exported="false" >
149-->[androidx.camera:camera-camera2:1.1.0] AndroidManifest.xml:29:13-37
150            <meta-data
150-->[androidx.camera:camera-camera2:1.1.0] AndroidManifest.xml:32:13-34:89
151                android:name="androidx.camera.core.impl.MetadataHolderService.DEFAULT_CONFIG_PROVIDER"
151-->[androidx.camera:camera-camera2:1.1.0] AndroidManifest.xml:33:17-103
152                android:value="androidx.camera.camera2.Camera2Config$DefaultProvider" />
152-->[androidx.camera:camera-camera2:1.1.0] AndroidManifest.xml:34:17-86
153        </service>
154        <service
154-->[com.google.android.gms:play-services-mlkit-barcode-scanning:18.0.0] AndroidManifest.xml:9:9-15:19
155            android:name="com.google.mlkit.common.internal.MlKitComponentDiscoveryService"
155-->[com.google.android.gms:play-services-mlkit-barcode-scanning:18.0.0] AndroidManifest.xml:10:13-91
156            android:directBootAware="true"
156-->[com.google.mlkit:common:18.0.0] AndroidManifest.xml:17:13-43
157            android:exported="false" >
157-->[com.google.android.gms:play-services-mlkit-barcode-scanning:18.0.0] AndroidManifest.xml:11:13-37
158            <meta-data
158-->[com.google.android.gms:play-services-mlkit-barcode-scanning:18.0.0] AndroidManifest.xml:12:13-14:85
159                android:name="com.google.firebase.components:com.google.mlkit.vision.barcode.internal.BarcodeRegistrar"
159-->[com.google.android.gms:play-services-mlkit-barcode-scanning:18.0.0] AndroidManifest.xml:13:17-120
160                android:value="com.google.firebase.components.ComponentRegistrar" />
160-->[com.google.android.gms:play-services-mlkit-barcode-scanning:18.0.0] AndroidManifest.xml:14:17-82
161            <meta-data
161-->[com.google.mlkit:vision-common:17.0.0] AndroidManifest.xml:12:13-14:85
162                android:name="com.google.firebase.components:com.google.mlkit.vision.common.internal.VisionCommonRegistrar"
162-->[com.google.mlkit:vision-common:17.0.0] AndroidManifest.xml:13:17-124
163                android:value="com.google.firebase.components.ComponentRegistrar" />
163-->[com.google.mlkit:vision-common:17.0.0] AndroidManifest.xml:14:17-82
164            <meta-data
164-->[com.google.mlkit:common:18.0.0] AndroidManifest.xml:20:13-22:85
165                android:name="com.google.firebase.components:com.google.mlkit.common.internal.CommonComponentRegistrar"
165-->[com.google.mlkit:common:18.0.0] AndroidManifest.xml:21:17-120
166                android:value="com.google.firebase.components.ComponentRegistrar" />
166-->[com.google.mlkit:common:18.0.0] AndroidManifest.xml:22:17-82
167        </service>
168
169        <provider
169-->[com.google.mlkit:common:18.0.0] AndroidManifest.xml:9:9-13:38
170            android:name="com.google.mlkit.common.internal.MlKitInitProvider"
170-->[com.google.mlkit:common:18.0.0] AndroidManifest.xml:10:13-78
171            android:authorities="com.example.kelebikev2.mlkitinitprovider"
171-->[com.google.mlkit:common:18.0.0] AndroidManifest.xml:11:13-69
172            android:exported="false"
172-->[com.google.mlkit:common:18.0.0] AndroidManifest.xml:12:13-37
173            android:initOrder="99" />
173-->[com.google.mlkit:common:18.0.0] AndroidManifest.xml:13:13-35
174
175        <activity
175-->[com.google.android.gms:play-services-base:18.0.1] AndroidManifest.xml:20:9-22:45
176            android:name="com.google.android.gms.common.api.GoogleApiActivity"
176-->[com.google.android.gms:play-services-base:18.0.1] AndroidManifest.xml:20:19-85
177            android:exported="false"
177-->[com.google.android.gms:play-services-base:18.0.1] AndroidManifest.xml:22:19-43
178            android:theme="@android:style/Theme.Translucent.NoTitleBar" />
178-->[com.google.android.gms:play-services-base:18.0.1] AndroidManifest.xml:21:19-78
179
180        <meta-data
180-->[com.google.android.gms:play-services-basement:18.1.0] AndroidManifest.xml:21:9-23:69
181            android:name="com.google.android.gms.version"
181-->[com.google.android.gms:play-services-basement:18.1.0] AndroidManifest.xml:22:13-58
182            android:value="@integer/google_play_services_version" />
182-->[com.google.android.gms:play-services-basement:18.1.0] AndroidManifest.xml:23:13-66
183
184        <service
184-->[com.google.android.datatransport:transport-backend-cct:2.3.3] AndroidManifest.xml:29:9-35:19
185            android:name="com.google.android.datatransport.runtime.backends.TransportBackendDiscovery"
185-->[com.google.android.datatransport:transport-backend-cct:2.3.3] AndroidManifest.xml:30:13-103
186            android:exported="false" >
186-->[com.google.android.datatransport:transport-backend-cct:2.3.3] AndroidManifest.xml:31:13-37
187            <meta-data
187-->[com.google.android.datatransport:transport-backend-cct:2.3.3] AndroidManifest.xml:32:13-34:39
188                android:name="backend:com.google.android.datatransport.cct.CctBackendFactory"
188-->[com.google.android.datatransport:transport-backend-cct:2.3.3] AndroidManifest.xml:33:17-94
189                android:value="cct" />
189-->[com.google.android.datatransport:transport-backend-cct:2.3.3] AndroidManifest.xml:34:17-36
190        </service>
191        <service
191-->[com.google.android.datatransport:transport-runtime:2.2.6] AndroidManifest.xml:26:9-30:19
192            android:name="com.google.android.datatransport.runtime.scheduling.jobscheduling.JobInfoSchedulerService"
192-->[com.google.android.datatransport:transport-runtime:2.2.6] AndroidManifest.xml:27:13-117
193            android:exported="false"
193-->[com.google.android.datatransport:transport-runtime:2.2.6] AndroidManifest.xml:28:13-37
194            android:permission="android.permission.BIND_JOB_SERVICE" >
194-->[com.google.android.datatransport:transport-runtime:2.2.6] AndroidManifest.xml:29:13-69
195        </service>
196
197        <receiver
197-->[com.google.android.datatransport:transport-runtime:2.2.6] AndroidManifest.xml:32:9-34:40
198            android:name="com.google.android.datatransport.runtime.scheduling.jobscheduling.AlarmManagerSchedulerBroadcastReceiver"
198-->[com.google.android.datatransport:transport-runtime:2.2.6] AndroidManifest.xml:33:13-132
199            android:exported="false" />
199-->[com.google.android.datatransport:transport-runtime:2.2.6] AndroidManifest.xml:34:13-37
200    </application>
201
202</manifest>